<?xml version="1.0" encoding="UTF-8"?>
<testsuite xmlns:xsi="http://www.w3.org/2001/XMLSchema-instance" xsi:noNamespaceSchemaLocation="https://maven.apache.org/surefire/maven-surefire-plugin/xsd/surefire-test-report.xsd" name="com.openclassrooms.testing.CalculatorTest" time="1.111" tests="12" errors="0" skipped="0" failures="0">
  <properties>
    <property name="sun.desktop" value="windows"/>
    <property name="awt.toolkit" value="sun.awt.windows.WToolkit"/>
    <property name="java.specification.version" value="11"/>
    <property name="sun.cpu.isalist" value="amd64"/>
    <property name="sun.jnu.encoding" value="Cp1252"/>
    <property name="java.class.path" value="C:\Users\DS-Tiago\Documents\Workspace\Test Unitaire\Projet\target\test-classes;C:\Users\DS-Tiago\Documents\Workspace\Test Unitaire\Projet\target\classes;C:\Users\DS-Tiago\.m2\repository\org\junit\jupiter\junit-jupiter\5.5.2\junit-jupiter-5.5.2.jar;C:\Users\DS-Tiago\.m2\repository\org\junit\jupiter\junit-jupiter-api\5.5.2\junit-jupiter-api-5.5.2.jar;C:\Users\DS-Tiago\.m2\repository\org\apiguardian\apiguardian-api\1.1.0\apiguardian-api-1.1.0.jar;C:\Users\DS-Tiago\.m2\repository\org\opentest4j\opentest4j\1.2.0\opentest4j-1.2.0.jar;C:\Users\DS-Tiago\.m2\repository\org\junit\platform\junit-platform-commons\1.5.2\junit-platform-commons-1.5.2.jar;C:\Users\DS-Tiago\.m2\repository\org\junit\jupiter\junit-jupiter-params\5.5.2\junit-jupiter-params-5.5.2.jar;C:\Users\DS-Tiago\.m2\repository\org\junit\jupiter\junit-jupiter-engine\5.5.2\junit-jupiter-engine-5.5.2.jar;C:\Users\DS-Tiago\.m2\repository\org\junit\platform\junit-platform-engine\1.5.2\junit-platform-engine-1.5.2.jar;C:\Users\DS-Tiago\.m2\repository\org\assertj\assertj-core\3.22.0\assertj-core-3.22.0.jar;"/>
    <property name="java.vm.vendor" value="Oracle Corporation"/>
    <property name="sun.arch.data.model" value="64"/>
    <property name="user.variant" value=""/>
    <property name="java.vendor.url" value="https://openjdk.java.net/"/>
    <property name="user.timezone" value="Europe/Paris"/>
    <property name="java.vm.specification.version" value="11"/>
    <property name="os.name" value="Windows 10"/>
    <property name="sun.java.launcher" value="SUN_STANDARD"/>
    <property name="user.country" value="FR"/>
    <property name="sun.boot.library.path" value="C:\Program Files\Java\jdk-11.0.12\bin"/>
    <property name="sun.java.command" value="C:\Users\DS-Tiago\AppData\Local\Temp\surefire17634728102806009601\surefirebooter6665400665893705714.jar C:\Users\DS-Tiago\AppData\Local\Temp\surefire17634728102806009601 2022-01-11T10-50-16_888-jvmRun1 surefire2026893670638243721tmp surefire_06996977277762845665tmp"/>
    <property name="jdk.debug" value="release"/>
    <property name="surefire.test.class.path" value="C:\Users\DS-Tiago\Documents\Workspace\Test Unitaire\Projet\target\test-classes;C:\Users\DS-Tiago\Documents\Workspace\Test Unitaire\Projet\target\classes;C:\Users\DS-Tiago\.m2\repository\org\junit\jupiter\junit-jupiter\5.5.2\junit-jupiter-5.5.2.jar;C:\Users\DS-Tiago\.m2\repository\org\junit\jupiter\junit-jupiter-api\5.5.2\junit-jupiter-api-5.5.2.jar;C:\Users\DS-Tiago\.m2\repository\org\apiguardian\apiguardian-api\1.1.0\apiguardian-api-1.1.0.jar;C:\Users\DS-Tiago\.m2\repository\org\opentest4j\opentest4j\1.2.0\opentest4j-1.2.0.jar;C:\Users\DS-Tiago\.m2\repository\org\junit\platform\junit-platform-commons\1.5.2\junit-platform-commons-1.5.2.jar;C:\Users\DS-Tiago\.m2\repository\org\junit\jupiter\junit-jupiter-params\5.5.2\junit-jupiter-params-5.5.2.jar;C:\Users\DS-Tiago\.m2\repository\org\junit\jupiter\junit-jupiter-engine\5.5.2\junit-jupiter-engine-5.5.2.jar;C:\Users\DS-Tiago\.m2\repository\org\junit\platform\junit-platform-engine\1.5.2\junit-platform-engine-1.5.2.jar;C:\Users\DS-Tiago\.m2\repository\org\assertj\assertj-core\3.22.0\assertj-core-3.22.0.jar;"/>
    <property name="sun.cpu.endian" value="little"/>
    <property name="user.home" value="C:\Users\DS-Tiago"/>
    <property name="user.language" value="fr"/>
    <property name="java.specification.vendor" value="Oracle Corporation"/>
    <property name="java.version.date" value="2021-07-20"/>
    <property name="java.home" value="C:\Program Files\Java\jdk-11.0.12"/>
    <property name="file.separator" value="\"/>
    <property name="basedir" value="C:\Users\DS-Tiago\Documents\Workspace\Test Unitaire\Projet"/>
    <property name="java.vm.compressedOopsMode" value="32-bit"/>
    <property name="line.separator" value="&#10;"/>
    <property name="java.specification.name" value="Java Platform API Specification"/>
    <property name="java.vm.specification.vendor" value="Oracle Corporation"/>
    <property name="java.awt.graphicsenv" value="sun.awt.Win32GraphicsEnvironment"/>
    <property name="surefire.real.class.path" value="C:\Users\DS-Tiago\AppData\Local\Temp\surefire17634728102806009601\surefirebooter6665400665893705714.jar"/>
    <property name="user.script" value=""/>
    <property name="sun.management.compiler" value="HotSpot 64-Bit Tiered Compilers"/>
    <property name="java.runtime.version" value="11.0.12+8-LTS-237"/>
    <property name="user.name" value="DS-Tiago"/>
    <property name="path.separator" value=";"/>
    <property name="os.version" value="10.0"/>
    <property name="java.runtime.name" value="Java(TM) SE Runtime Environment"/>
    <property name="file.encoding" value="Cp1252"/>
    <property name="java.vm.name" value="Java HotSpot(TM) 64-Bit Server VM"/>
    <property name="java.vendor.version" value="18.9"/>
    <property name="localRepository" value="C:\Users\DS-Tiago\.m2\repository"/>
    <property name="java.vendor.url.bug" value="https://bugreport.java.com/bugreport/"/>
    <property name="java.io.tmpdir" value="C:\Users\DS-Tiago\AppData\Local\Temp\"/>
    <property name="idea.version" value="2021.3.1"/>
    <property name="java.version" value="11.0.12"/>
    <property name="user.dir" value="C:\Users\DS-Tiago\Documents\Workspace\Test Unitaire\Projet"/>
    <property name="os.arch" value="amd64"/>
    <property name="java.vm.specification.name" value="Java Virtual Machine Specification"/>
    <property name="java.awt.printerjob" value="sun.awt.windows.WPrinterJob"/>
    <property name="sun.os.patch.level" value=""/>
    <property name="java.library.path" value="C:\Program Files\Java\jdk-11.0.12\bin;C:\WINDOWS\Sun\Java\bin;C:\WINDOWS\system32;C:\WINDOWS;C:\Program Files\Common Files\Oracle\Java\javapath;C:\WINDOWS\system32;C:\WINDOWS;C:\WINDOWS\System32\Wbem;C:\WINDOWS\System32\WindowsPowerShell\v1.0\;C:\WINDOWS\System32\OpenSSH\;C:\Program Files\nodejs\;C:\Program Files\Git\cmd;C:\Users\DS-Tiago\AppData\Local\Microsoft\WindowsApps;C:\Users\DS-Tiago\AppData\Roaming\npm;."/>
    <property name="java.vendor" value="Oracle Corporation"/>
    <property name="java.vm.info" value="mixed mode"/>
    <property name="java.vm.version" value="11.0.12+8-LTS-237"/>
    <property name="sun.io.unicode.encoding" value="UnicodeLittle"/>
    <property name="java.class.version" value="55.0"/>
  </properties>
  <testcase name="digitsSet_shouldReturnsTheSetOfDigits_ofPositiveInteger" classname="com.openclassrooms.testing.CalculatorTest" time="0.091"/>
  <testcase name="testAddTwoPositiveNumbers" classname="com.openclassrooms.testing.CalculatorTest" time="0.323"/>
  <testcase name="add_shouldReturnTheSum_ofMultipleIntegers{int, int, int}[1]" classname="com.openclassrooms.testing.CalculatorTest" time="0.14"/>
  <testcase name="add_shouldReturnTheSum_ofMultipleIntegers{int, int, int}[2]" classname="com.openclassrooms.testing.CalculatorTest" time="0.002"/>
  <testcase name="add_shouldReturnTheSum_ofMultipleIntegers{int, int, int}[3]" classname="com.openclassrooms.testing.CalculatorTest" time="0"/>
  <testcase name="longCalcul_shouldComputeInLessThan1Second" classname="com.openclassrooms.testing.CalculatorTest" time="0.252"/>
  <testcase name="testMultiplyTwoPositiveumber" classname="com.openclassrooms.testing.CalculatorTest" time="0"/>
  <testcase name="multiply_shouldReturnZero_ofZeroWithMultipleIntegers{int}[1]" classname="com.openclassrooms.testing.CalculatorTest" time="0.01"/>
  <testcase name="multiply_shouldReturnZero_ofZeroWithMultipleIntegers{int}[2]" classname="com.openclassrooms.testing.CalculatorTest" time="0"/>
  <testcase name="multiply_shouldReturnZero_ofZeroWithMultipleIntegers{int}[3]" classname="com.openclassrooms.testing.CalculatorTest" time="0"/>
  <testcase name="multiply_shouldReturnZero_ofZeroWithMultipleIntegers{int}[4]" classname="com.openclassrooms.testing.CalculatorTest" time="0"/>
  <testcase name="multiply_shouldReturnZero_ofZeroWithMultipleIntegers{int}[5]" classname="com.openclassrooms.testing.CalculatorTest" time="0.008"/>
</testsuite>